<?xml version="1.0" encoding="UTF-8"?>
<testng-results skipped="0" failed="0" total="2" passed="2">
  <reporter-output>
  </reporter-output>
  <suite name="Default suite" duration-ms="421928" started-at="2020-04-21T17:32:06Z" finished-at="2020-04-21T17:39:08Z">
    <groups>
    </groups>
    <test name="Default test" duration-ms="421928" started-at="2020-04-21T17:32:06Z" finished-at="2020-04-21T17:39:08Z">
      <class name="Nav.Navigation_v2">
        <test-method status="PASS" signature="Before()[pri:0, instance:Nav.Navigation_v2@f6c48ac]" name="Before" is-config="true" duration-ms="260392" started-at="2020-04-21T23:02:06Z" finished-at="2020-04-21T23:06:26Z">
          <reporter-output>
          </reporter-output>
        </test-method> <!-- Before -->
        <test-method status="PASS" signature="Testing(java.lang.String)[pri:0, instance:Nav.Navigation_v2@f6c48ac]" name="Testing" duration-ms="22397" started-at="2020-04-21T23:06:28Z" data-provider="dp" finished-at="2020-04-21T23:06:50Z">
          <params>
            <param index="0">
              <value>
                <![CDATA[Dashboard]]>
              </value>
            </param>
          </params>
          <reporter-output>
          </reporter-output>
        </test-method> <!-- Testing -->
        <test-method status="PASS" signature="Testing(java.lang.String)[pri:0, instance:Nav.Navigation_v2@f6c48ac]" name="Testing" duration-ms="127227" started-at="2020-04-21T23:06:50Z" data-provider="dp" finished-at="2020-04-21T23:08:57Z">
          <params>
            <param index="0">
              <value>
                <![CDATA[Products]]>
              </value>
            </param>
          </params>
          <reporter-output>
          </reporter-output>
        </test-method> <!-- Testing -->
        <test-method status="PASS" signature="After()[pri:0, instance:Nav.Navigation_v2@f6c48ac]" name="After" is-config="true" duration-ms="10416" started-at="2020-04-21T23:08:57Z" finished-at="2020-04-21T23:09:08Z">
          <reporter-output>
          </reporter-output>
        </test-method> <!-- After -->
      </class> <!-- Nav.Navigation_v2 -->
    </test> <!-- Default test -->
  </suite> <!-- Default suite -->
</testng-results>
